<?xml version="1.0" encoding="UTF-8"?>
<!-- Generated by org.testng.reporters.JUnitXMLReporter -->
<testsuite ignored="0" hostname="DESKTOP-5LQVT5P" failures="0" tests="7" name="Default test" time="27.276" errors="0" timestamp="2025-03-03T12:12:14 IST">
  <testcase classname="com.BHL.TC001_LoginPageTest" name="TC_001_verify_WelcomeText_On_LoginPage" time="0.078"/>
  <testcase classname="com.BHL.TC001_LoginPageTest" name="TC_002_verify_Login_Button_Clickable" time="1.648"/>
  <testcase classname="com.BHL.TC001_LoginPageTest" name="TC003_verify_ErrorMessageForEmailField" time="0.591"/>
  <testcase classname="com.BHL.TC001_LoginPageTest" name="TC004_verify_ErrorMessageForPasswordField" time="0.184"/>
  <testcase classname="com.BHL.TC001_LoginPageTest" name="TC_005_verify_Login" time="5.846"/>
  <testcase classname="com.BHL.TC001_LoginPageTest" name="TC_006_LogoutFlow" time="3.533"/>
  <testcase classname="com.BHL.TC001_LoginPageTest" name="TC_007_reloginToBHL" time="3.949"/>
</testsuite> <!-- Default test -->
