<?xml version="1.0" encoding="UTF-8"?>
<!-- Generated by org.testng.reporters.JUnitXMLReporter -->
<testsuite ignored="0" hostname="DESKTOP-K5UJHKQ" failures="0" tests="7" name="Default test" time="42.859" errors="0" timestamp="2025-03-21T18:46:09 IST">
  <testcase classname="com.BHL.TC001_LoginPageTest" name="TC_001_verify_WelcomeText_On_LoginPage" time="0.107"/>
  <testcase classname="com.BHL.TC001_LoginPageTest" name="TC_002_verify_Login_Button_Clickable" time="1.382"/>
  <testcase classname="com.BHL.TC001_LoginPageTest" name="TC003_verify_ErrorMessageForEmailField" time="0.348"/>
  <testcase classname="com.BHL.TC001_LoginPageTest" name="TC004_verify_ErrorMessageForPasswordField" time="0.1"/>
  <testcase classname="com.BHL.TC001_LoginPageTest" name="TC_005_verify_Login" time="31.156"/>
  <testcase classname="com.BHL.TC001_LoginPageTest" name="TC_006_Logout" time="0.049"/>
  <testcase classname="com.BHL.TC001_LoginPageTest" name="TC_007_LogoutFlow" time="3.619"/>
</testsuite> <!-- Default test -->
