<?xml version="1.0" encoding="UTF-8"?>
<!-- Generated by org.testng.reporters.JUnitXMLReporter -->
<testsuite ignored="3" hostname="DESKTOP-5LQVT5P" failures="0" tests="15" name="MyTest" time="55.954" errors="0" timestamp="2025-02-04T18:54:52 IST">
  <testcase classname="com.BHL.TC001_LoginPageTest" name="TC_001_verify_WelcomeText_On_LoginPage" time="0.113"/>
  <testcase classname="com.BHL.TC001_LoginPageTest" name="TC_002_verify_Login_Button_Clickable" time="1.466"/>
  <testcase classname="com.BHL.TC001_LoginPageTest" name="TC003_verify_ErrorMessageForEmailField" time="0.596"/>
  <testcase classname="com.BHL.TC001_LoginPageTest" name="TC004_verify_ErrorMessageForPasswordField" time="0.152"/>
  <testcase classname="com.BHL.TC001_LoginPageTest" name="TC_005_verify_Login" time="5.518"/>
  <testcase classname="com.BHL.TC001_LoginPageTest" name="TC_006_LogoutFlow" time="3.491"/>
  <testcase classname="com.BHL.TC001_LoginPageTest" name="TC_007_reloginToBHL" time="4.145"/>
  <testcase classname="com.BHL.TC002_DashboardPageTest" name="TC001_VerifySideBarMenuList" time="0.166"/>
  <testcase classname="com.BHL.TC002_DashboardPageTest" name="TC002_VerifyUserGroupList" time="2.499"/>
  <testcase classname="com.BHL.TC002_DashboardPageTest" name="TC003_VerifyUSerDatabasesListing" time="3.709"/>
  <testcase classname="com.BHL.TC002_DashboardPageTest" name="TC004_VerifyDatabasesListing" time="7.458"/>
  <testcase classname="com.BHL.TC002_DashboardPageTest" name="TC005_Verify_DB_Approval" time="4.516"/>
  <testcase classname="com.BHL.TC002_DashboardPageTest" name="TC006_Verify_Module_Approval" time="4.776"/>
  <testcase classname="com.BHL.TC002_DashboardPageTest" name="TC007_Verify_Trip_Alert" time="4.671"/>
  <testcase classname="com.BHL.TC002_DashboardPageTest" name="TC008_Verify_Report" time="4.568"/>
  <testcase classname="com.BHL.BeforeAfterMethods" name="@BeforeTest beforeTest" time="0.0">
    <ignored/>
  </testcase> <!-- @BeforeTest beforeTest -->
  <testcase classname="com.BHL.BeforeAfterMethods" name="@AfterSuite afterSuite" time="0.0">
    <ignored/>
  </testcase> <!-- @AfterSuite afterSuite -->
  <testcase classname="com.BHL.BeforeAfterMethods" name="@BeforeSuite beforeSuitMethod" time="0.0">
    <ignored/>
  </testcase> <!-- @BeforeSuite beforeSuitMethod -->
</testsuite> <!-- MyTest -->
