<?xml version="1.0" encoding="UTF-8"?>
<!-- Generated by org.testng.reporters.JUnitXMLReporter -->
<testsuite ignored="3" hostname="DESKTOP-5LQVT5P" failures="2" tests="8" name="Test" time="13.709" errors="0" timestamp="2025-02-03T12:26:53 IST">
  <testcase classname="com.BHL.BeforeAfterMethods" name="@AfterMethod tearDown" time="0.023">
    <failure type="java.lang.NullPointerException" message="Cannot invoke &amp;quot;org.openqa.selenium.TakesScreenshot.getScreenshotAs(org.openqa.selenium.OutputType)&amp;quot; because &amp;quot;test_utility.ReusableMethods.driver&amp;quot; is null">
      <![CDATA[java.lang.NullPointerException: Cannot invoke "org.openqa.selenium.TakesScreenshot.getScreenshotAs(org.openqa.selenium.OutputType)" because "test_utility.ReusableMethods.driver" is null
at test_utility.ReusableMethods.screenShot(ReusableMethods.java:44)
at report.ExtentManager.onTestFailure(ExtentManager.java:50)
at com.BHL.BeforeAfterMethods.tearDown(BeforeAfterMethods.java:47)
at java.base/java.util.ArrayList.forEach(ArrayList.java:1597)
... Removed 30 stack frames]]>
    </failure>
  </testcase> <!-- @AfterMethod tearDown -->
  <testcase classname="com.BHL.BeforeAfterMethods" name="@BeforeMethod beforeMethod" time="0.0">
    <skipped/>
  </testcase> <!-- @BeforeMethod beforeMethod -->
  <testcase classname="com.BHL.BeforeAfterMethods" name="@AfterMethod tearDown" time="0.0">
    <skipped/>
  </testcase> <!-- @AfterMethod tearDown -->
  <testcase classname="com.BHL.BeforeAfterMethods" name="@BeforeMethod beforeMethod" time="0.0">
    <skipped/>
  </testcase> <!-- @BeforeMethod beforeMethod -->
  <testcase classname="com.BHL.BeforeAfterMethods" name="@AfterMethod tearDown" time="0.0">
    <skipped/>
  </testcase> <!-- @AfterMethod tearDown -->
  <testcase classname="com.BHL.BeforeAfterMethods" name="@BeforeMethod beforeMethod" time="0.0">
    <skipped/>
  </testcase> <!-- @BeforeMethod beforeMethod -->
  <testcase classname="com.BHL.BeforeAfterMethods" name="@AfterMethod tearDown" time="0.0">
    <skipped/>
  </testcase> <!-- @AfterMethod tearDown -->
  <testcase classname="com.BHL.BeforeAfterMethods" name="@BeforeMethod beforeMethod" time="0.0">
    <skipped/>
  </testcase> <!-- @BeforeMethod beforeMethod -->
  <testcase classname="com.BHL.BeforeAfterMethods" name="@AfterMethod tearDown" time="0.0">
    <skipped/>
  </testcase> <!-- @AfterMethod tearDown -->
  <testcase classname="com.BHL.BeforeAfterMethods" name="@BeforeMethod beforeMethod" time="0.0">
    <skipped/>
  </testcase> <!-- @BeforeMethod beforeMethod -->
  <testcase classname="com.BHL.BeforeAfterMethods" name="@AfterMethod tearDown" time="0.0">
    <skipped/>
  </testcase> <!-- @AfterMethod tearDown -->
  <testcase classname="com.BHL.BeforeAfterMethods" name="@BeforeMethod beforeMethod" time="0.0">
    <skipped/>
  </testcase> <!-- @BeforeMethod beforeMethod -->
  <testcase classname="com.BHL.BeforeAfterMethods" name="@AfterMethod tearDown" time="0.0">
    <skipped/>
  </testcase> <!-- @AfterMethod tearDown -->
  <testcase classname="com.BHL.BeforeAfterMethods" name="@AfterMethod tearDown" time="0.003">
    <failure type="java.lang.NullPointerException" message="Cannot invoke &amp;quot;org.openqa.selenium.TakesScreenshot.getScreenshotAs(org.openqa.selenium.OutputType)&amp;quot; because &amp;quot;test_utility.ReusableMethods.driver&amp;quot; is null">
      <![CDATA[java.lang.NullPointerException: Cannot invoke "org.openqa.selenium.TakesScreenshot.getScreenshotAs(org.openqa.selenium.OutputType)" because "test_utility.ReusableMethods.driver" is null
at test_utility.ReusableMethods.screenShot(ReusableMethods.java:44)
at report.ExtentManager.onTestFailure(ExtentManager.java:50)
at com.BHL.BeforeAfterMethods.tearDown(BeforeAfterMethods.java:47)
at java.base/java.util.ArrayList.forEach(ArrayList.java:1597)
... Removed 30 stack frames]]>
    </failure>
  </testcase> <!-- @AfterMethod tearDown -->
  <testcase classname="com.BHL.TC001_LoginPageTest" name="TC_001_verify_WelcomeText_On_LoginPage" time="0.023">
    <failure type="java.lang.NullPointerException" message="Cannot invoke &amp;quot;org.openqa.selenium.SearchContext.findElement(org.openqa.selenium.By)&amp;quot; because &amp;quot;this.searchContext&amp;quot; is null">
      <![CDATA[java.lang.NullPointerException: Cannot invoke "org.openqa.selenium.SearchContext.findElement(org.openqa.selenium.By)" because "this.searchContext" is null
at org.openqa.selenium.support.pagefactory.DefaultElementLocator.findElement(DefaultElementLocator.java:68)
at org.openqa.selenium.support.pagefactory.internal.LocatingElementHandler.invoke(LocatingElementHandler.java:38)
at jdk.proxy2/jdk.proxy2.$Proxy18.getText(Unknown Source)
at pom_Pages.login_Page.Verify_Welcome_Text(login_Page.java:37)
at com.BHL.TC001_LoginPageTest.TC_001_verify_WelcomeText_On_LoginPage(TC001_LoginPageTest.java:20)
at java.base/java.util.ArrayList.forEach(ArrayList.java:1597)
... Removed 25 stack frames]]>
    </failure>
  </testcase> <!-- TC_001_verify_WelcomeText_On_LoginPage -->
  <testcase classname="com.BHL.TC001_LoginPageTest" name="TC_002_verify_Login_Button_Clickable" time="0.0">
    <skipped/>
  </testcase> <!-- TC_002_verify_Login_Button_Clickable -->
  <testcase classname="com.BHL.TC001_LoginPageTest" name="TC003_verify_ErrorMessageForEmailField" time="0.0">
    <skipped/>
  </testcase> <!-- TC003_verify_ErrorMessageForEmailField -->
  <testcase classname="com.BHL.TC001_LoginPageTest" name="TC004_verify_ErrorMessageForPasswordField" time="0.0">
    <skipped/>
  </testcase> <!-- TC004_verify_ErrorMessageForPasswordField -->
  <testcase classname="com.BHL.TC001_LoginPageTest" name="TC_005_verify_Login" time="0.0">
    <skipped/>
  </testcase> <!-- TC_005_verify_Login -->
  <testcase classname="com.BHL.TC001_LoginPageTest" name="TC_006_LogoutFlow" time="0.0">
    <skipped/>
  </testcase> <!-- TC_006_LogoutFlow -->
  <testcase classname="com.BHL.TC001_LoginPageTest" name="TC_007_reloginToBHL" time="0.0">
    <skipped/>
  </testcase> <!-- TC_007_reloginToBHL -->
  <testcase classname="com.BHL.TC002_DashboardPageTest" name="TC002_VerifyUSerDatabasesListing" time="0.027">
    <failure type="java.lang.NullPointerException" message="Cannot invoke &amp;quot;org.openqa.selenium.SearchContext.findElement(org.openqa.selenium.By)&amp;quot; because &amp;quot;this.searchContext&amp;quot; is null">
      <![CDATA[java.lang.NullPointerException: Cannot invoke "org.openqa.selenium.SearchContext.findElement(org.openqa.selenium.By)" because "this.searchContext" is null
at org.openqa.selenium.support.pagefactory.DefaultElementLocator.findElement(DefaultElementLocator.java:68)
at org.openqa.selenium.support.pagefactory.internal.LocatingElementHandler.invoke(LocatingElementHandler.java:38)
at jdk.proxy2/jdk.proxy2.$Proxy18.isDisplayed(Unknown Source)
at org.openqa.selenium.support.ui.ExpectedConditions.elementIfVisible(ExpectedConditions.java:304)
at org.openqa.selenium.support.ui.ExpectedConditions$10.apply(ExpectedConditions.java:290)
at org.openqa.selenium.support.ui.ExpectedConditions$10.apply(ExpectedConditions.java:287)
at org.openqa.selenium.support.ui.FluentWait.until(FluentWait.java:203)
at test_utility.ReusableMethods.explicitWait(ReusableMethods.java:23)
at pom_Pages.SideBarMenu.VerifyUserDatabases(SideBarMenu.java:30)
at com.BHL.TC002_DashboardPageTest.TC002_VerifyUSerDatabasesListing(TC002_DashboardPageTest.java:36)
at java.base/java.util.ArrayList.forEach(ArrayList.java:1597)
... Removed 25 stack frames]]>
    </failure>
  </testcase> <!-- TC002_VerifyUSerDatabasesListing -->
  <testcase classname="com.BHL.BeforeAfterMethods" name="@BeforeSuite beforeSuitMethod" time="0.0">
    <ignored/>
  </testcase> <!-- @BeforeSuite beforeSuitMethod -->
  <testcase classname="com.BHL.BeforeAfterMethods" name="@AfterSuite afterSuite" time="0.0">
    <ignored/>
  </testcase> <!-- @AfterSuite afterSuite -->
  <testcase classname="com.BHL.BeforeAfterMethods" name="@BeforeTest beforeTest" time="0.0">
    <ignored/>
  </testcase> <!-- @BeforeTest beforeTest -->
</testsuite> <!-- Test -->
