<?xml version="1.0" encoding="UTF-8"?>
<testng-results ignored="0" total="15" passed="15" failed="0" skipped="0">
  <reporter-output>
  </reporter-output>
  <suite started-at="2025-03-21T15:24:31 IST" name="Suite" finished-at="2025-03-21T15:25:25 IST" duration-ms="53518">
    <groups>
    </groups>
    <test started-at="2025-03-21T15:24:31 IST" name="MyTest" finished-at="2025-03-21T15:25:25 IST" duration-ms="53518">
      <class name="com.BHL.TC002_DashboardPageTest">
        <test-method is-config="true" signature="setup()[pri:0, instance:com.BHL.TC002_DashboardPageTest@2f465398]" started-at="2025-03-21T15:24:53 IST" name="setup" finished-at="2025-03-21T15:24:53 IST" duration-ms="0" status="PASS">
          <reporter-output>
          </reporter-output>
        </test-method> <!-- setup -->
        <test-method is-config="true" signature="setUp()[pri:0, instance:com.BHL.TC002_DashboardPageTest@2f465398]" started-at="2025-03-21T15:24:53 IST" name="setUp" finished-at="2025-03-21T15:24:53 IST" duration-ms="20" status="PASS">
          <reporter-output>
          </reporter-output>
        </test-method> <!-- setUp -->
        <test-method signature="TC001_VerifySideBarMenuList()[pri:1, instance:com.BHL.TC002_DashboardPageTest@2f465398]" started-at="2025-03-21T15:24:53 IST" name="TC001_VerifySideBarMenuList" finished-at="2025-03-21T15:24:53 IST" duration-ms="105" status="PASS">
          <reporter-output>
          </reporter-output>
        </test-method> <!-- TC001_VerifySideBarMenuList -->
        <test-method is-config="true" signature="beforeMethod(org.testng.ITestResult)[pri:0, instance:com.BHL.TC002_DashboardPageTest@2f465398]" started-at="2025-03-21T15:24:53 IST" name="beforeMethod" finished-at="2025-03-21T15:24:53 IST" duration-ms="0" status="PASS">
          <params>
            <param index="0">
              <value>
                <![CDATA[[TestResult name={null} status=CREATED method=TC002_DashboardPageTest.TC001_VerifySideBarMenuList()[pri:1, instance:com.BHL.TC002_DashboardPageTest@2f465398] output={null}]]]>
              </value>
            </param>
          </params>
          <reporter-output>
          </reporter-output>
        </test-method> <!-- beforeMethod -->
        <test-method is-config="true" signature="tearDown(org.testng.ITestResult)[pri:0, instance:com.BHL.TC002_DashboardPageTest@2f465398]" started-at="2025-03-21T15:24:53 IST" name="tearDown" finished-at="2025-03-21T15:24:53 IST" duration-ms="1" status="PASS">
          <params>
            <param index="0">
              <value>
                <![CDATA[[TestResult name=TC001_VerifySideBarMenuList status=SUCCESS method=TC002_DashboardPageTest.TC001_VerifySideBarMenuList()[pri:1, instance:com.BHL.TC002_DashboardPageTest@2f465398] output={null}]]]>
              </value>
            </param>
          </params>
          <reporter-output>
          </reporter-output>
        </test-method> <!-- tearDown -->
        <test-method is-config="true" signature="beforeMethod(org.testng.ITestResult)[pri:0, instance:com.BHL.TC002_DashboardPageTest@2f465398]" started-at="2025-03-21T15:24:53 IST" name="beforeMethod" finished-at="2025-03-21T15:24:53 IST" duration-ms="1" status="PASS">
          <params>
            <param index="0">
              <value>
                <![CDATA[[TestResult name={null} status=CREATED method=TC002_DashboardPageTest.TC002_VerifyUserGroupList()[pri:2, instance:com.BHL.TC002_DashboardPageTest@2f465398] output={null}]]]>
              </value>
            </param>
          </params>
          <reporter-output>
          </reporter-output>
        </test-method> <!-- beforeMethod -->
        <test-method signature="TC002_VerifyUserGroupList()[pri:2, instance:com.BHL.TC002_DashboardPageTest@2f465398]" started-at="2025-03-21T15:24:53 IST" name="TC002_VerifyUserGroupList" finished-at="2025-03-21T15:24:55 IST" duration-ms="2272" status="PASS">
          <reporter-output>
          </reporter-output>
        </test-method> <!-- TC002_VerifyUserGroupList -->
        <test-method is-config="true" signature="tearDown(org.testng.ITestResult)[pri:0, instance:com.BHL.TC002_DashboardPageTest@2f465398]" started-at="2025-03-21T15:24:55 IST" name="tearDown" finished-at="2025-03-21T15:24:55 IST" duration-ms="1" status="PASS">
          <params>
            <param index="0">
              <value>
                <![CDATA[[TestResult name=TC002_VerifyUserGroupList status=SUCCESS method=TC002_DashboardPageTest.TC002_VerifyUserGroupList()[pri:2, instance:com.BHL.TC002_DashboardPageTest@2f465398] output={null}]]]>
              </value>
            </param>
          </params>
          <reporter-output>
          </reporter-output>
        </test-method> <!-- tearDown -->
        <test-method is-config="true" signature="beforeMethod(org.testng.ITestResult)[pri:0, instance:com.BHL.TC002_DashboardPageTest@2f465398]" started-at="2025-03-21T15:24:55 IST" name="beforeMethod" finished-at="2025-03-21T15:24:55 IST" duration-ms="1" status="PASS">
          <params>
            <param index="0">
              <value>
                <![CDATA[[TestResult name={null} status=CREATED method=TC002_DashboardPageTest.TC003_VerifyUSerDatabasesListing()[pri:3, instance:com.BHL.TC002_DashboardPageTest@2f465398] output={null}]]]>
              </value>
            </param>
          </params>
          <reporter-output>
          </reporter-output>
        </test-method> <!-- beforeMethod -->
        <test-method signature="TC003_VerifyUSerDatabasesListing()[pri:3, instance:com.BHL.TC002_DashboardPageTest@2f465398]" started-at="2025-03-21T15:24:55 IST" name="TC003_VerifyUSerDatabasesListing" finished-at="2025-03-21T15:25:01 IST" duration-ms="5392" status="PASS">
          <reporter-output>
          </reporter-output>
        </test-method> <!-- TC003_VerifyUSerDatabasesListing -->
        <test-method is-config="true" signature="tearDown(org.testng.ITestResult)[pri:0, instance:com.BHL.TC002_DashboardPageTest@2f465398]" started-at="2025-03-21T15:25:01 IST" name="tearDown" finished-at="2025-03-21T15:25:01 IST" duration-ms="2" status="PASS">
          <params>
            <param index="0">
              <value>
                <![CDATA[[TestResult name=TC003_VerifyUSerDatabasesListing status=SUCCESS method=TC002_DashboardPageTest.TC003_VerifyUSerDatabasesListing()[pri:3, instance:com.BHL.TC002_DashboardPageTest@2f465398] output={null}]]]>
              </value>
            </param>
          </params>
          <reporter-output>
          </reporter-output>
        </test-method> <!-- tearDown -->
        <test-method is-config="true" signature="beforeMethod(org.testng.ITestResult)[pri:0, instance:com.BHL.TC002_DashboardPageTest@2f465398]" started-at="2025-03-21T15:25:01 IST" name="beforeMethod" finished-at="2025-03-21T15:25:01 IST" duration-ms="1" status="PASS">
          <params>
            <param index="0">
              <value>
                <![CDATA[[TestResult name={null} status=CREATED method=TC002_DashboardPageTest.TC004_VerifyDatabasesListing()[pri:4, instance:com.BHL.TC002_DashboardPageTest@2f465398] output={null}]]]>
              </value>
            </param>
          </params>
          <reporter-output>
          </reporter-output>
        </test-method> <!-- beforeMethod -->
        <test-method signature="TC004_VerifyDatabasesListing()[pri:4, instance:com.BHL.TC002_DashboardPageTest@2f465398]" started-at="2025-03-21T15:25:01 IST" name="TC004_VerifyDatabasesListing" finished-at="2025-03-21T15:25:07 IST" duration-ms="6635" status="PASS">
          <reporter-output>
          </reporter-output>
        </test-method> <!-- TC004_VerifyDatabasesListing -->
        <test-method is-config="true" signature="tearDown(org.testng.ITestResult)[pri:0, instance:com.BHL.TC002_DashboardPageTest@2f465398]" started-at="2025-03-21T15:25:07 IST" name="tearDown" finished-at="2025-03-21T15:25:07 IST" duration-ms="1" status="PASS">
          <params>
            <param index="0">
              <value>
                <![CDATA[[TestResult name=TC004_VerifyDatabasesListing status=SUCCESS method=TC002_DashboardPageTest.TC004_VerifyDatabasesListing()[pri:4, instance:com.BHL.TC002_DashboardPageTest@2f465398] output={null}]]]>
              </value>
            </param>
          </params>
          <reporter-output>
          </reporter-output>
        </test-method> <!-- tearDown -->
        <test-method is-config="true" signature="beforeMethod(org.testng.ITestResult)[pri:0, instance:com.BHL.TC002_DashboardPageTest@2f465398]" started-at="2025-03-21T15:25:07 IST" name="beforeMethod" finished-at="2025-03-21T15:25:07 IST" duration-ms="1" status="PASS">
          <params>
            <param index="0">
              <value>
                <![CDATA[[TestResult name={null} status=CREATED method=TC002_DashboardPageTest.TC005_Verify_DB_Approval()[pri:5, instance:com.BHL.TC002_DashboardPageTest@2f465398] output={null}]]]>
              </value>
            </param>
          </params>
          <reporter-output>
          </reporter-output>
        </test-method> <!-- beforeMethod -->
        <test-method signature="TC005_Verify_DB_Approval()[pri:5, instance:com.BHL.TC002_DashboardPageTest@2f465398]" started-at="2025-03-21T15:25:07 IST" name="TC005_Verify_DB_Approval" finished-at="2025-03-21T15:25:12 IST" duration-ms="4433" status="PASS">
          <reporter-output>
          </reporter-output>
        </test-method> <!-- TC005_Verify_DB_Approval -->
        <test-method is-config="true" signature="tearDown(org.testng.ITestResult)[pri:0, instance:com.BHL.TC002_DashboardPageTest@2f465398]" started-at="2025-03-21T15:25:12 IST" name="tearDown" finished-at="2025-03-21T15:25:12 IST" duration-ms="0" status="PASS">
          <params>
            <param index="0">
              <value>
                <![CDATA[[TestResult name=TC005_Verify_DB_Approval status=SUCCESS method=TC002_DashboardPageTest.TC005_Verify_DB_Approval()[pri:5, instance:com.BHL.TC002_DashboardPageTest@2f465398] output={null}]]]>
              </value>
            </param>
          </params>
          <reporter-output>
          </reporter-output>
        </test-method> <!-- tearDown -->
        <test-method signature="TC006_Verify_Module_Approval()[pri:6, instance:com.BHL.TC002_DashboardPageTest@2f465398]" started-at="2025-03-21T15:25:12 IST" name="TC006_Verify_Module_Approval" finished-at="2025-03-21T15:25:16 IST" duration-ms="4415" status="PASS">
          <reporter-output>
          </reporter-output>
        </test-method> <!-- TC006_Verify_Module_Approval -->
        <test-method is-config="true" signature="beforeMethod(org.testng.ITestResult)[pri:0, instance:com.BHL.TC002_DashboardPageTest@2f465398]" started-at="2025-03-21T15:25:12 IST" name="beforeMethod" finished-at="2025-03-21T15:25:12 IST" duration-ms="0" status="PASS">
          <params>
            <param index="0">
              <value>
                <![CDATA[[TestResult name={null} status=CREATED method=TC002_DashboardPageTest.TC006_Verify_Module_Approval()[pri:6, instance:com.BHL.TC002_DashboardPageTest@2f465398] output={null}]]]>
              </value>
            </param>
          </params>
          <reporter-output>
          </reporter-output>
        </test-method> <!-- beforeMethod -->
        <test-method is-config="true" signature="tearDown(org.testng.ITestResult)[pri:0, instance:com.BHL.TC002_DashboardPageTest@2f465398]" started-at="2025-03-21T15:25:16 IST" name="tearDown" finished-at="2025-03-21T15:25:16 IST" duration-ms="2" status="PASS">
          <params>
            <param index="0">
              <value>
                <![CDATA[[TestResult name=TC006_Verify_Module_Approval status=SUCCESS method=TC002_DashboardPageTest.TC006_Verify_Module_Approval()[pri:6, instance:com.BHL.TC002_DashboardPageTest@2f465398] output={null}]]]>
              </value>
            </param>
          </params>
          <reporter-output>
          </reporter-output>
        </test-method> <!-- tearDown -->
        <test-method is-config="true" signature="beforeMethod(org.testng.ITestResult)[pri:0, instance:com.BHL.TC002_DashboardPageTest@2f465398]" started-at="2025-03-21T15:25:16 IST" name="beforeMethod" finished-at="2025-03-21T15:25:16 IST" duration-ms="0" status="PASS">
          <params>
            <param index="0">
              <value>
                <![CDATA[[TestResult name={null} status=CREATED method=TC002_DashboardPageTest.TC007_Verify_Trip_Alert()[pri:7, instance:com.BHL.TC002_DashboardPageTest@2f465398] output={null}]]]>
              </value>
            </param>
          </params>
          <reporter-output>
          </reporter-output>
        </test-method> <!-- beforeMethod -->
        <test-method signature="TC007_Verify_Trip_Alert()[pri:7, instance:com.BHL.TC002_DashboardPageTest@2f465398]" started-at="2025-03-21T15:25:16 IST" name="TC007_Verify_Trip_Alert" finished-at="2025-03-21T15:25:20 IST" duration-ms="4294" status="PASS">
          <reporter-output>
          </reporter-output>
        </test-method> <!-- TC007_Verify_Trip_Alert -->
        <test-method is-config="true" signature="tearDown(org.testng.ITestResult)[pri:0, instance:com.BHL.TC002_DashboardPageTest@2f465398]" started-at="2025-03-21T15:25:20 IST" name="tearDown" finished-at="2025-03-21T15:25:20 IST" duration-ms="3" status="PASS">
          <params>
            <param index="0">
              <value>
                <![CDATA[[TestResult name=TC007_Verify_Trip_Alert status=SUCCESS method=TC002_DashboardPageTest.TC007_Verify_Trip_Alert()[pri:7, instance:com.BHL.TC002_DashboardPageTest@2f465398] output={null}]]]>
              </value>
            </param>
          </params>
          <reporter-output>
          </reporter-output>
        </test-method> <!-- tearDown -->
        <test-method signature="TC008_Verify_Report()[pri:8, instance:com.BHL.TC002_DashboardPageTest@2f465398]" started-at="2025-03-21T15:25:21 IST" name="TC008_Verify_Report" finished-at="2025-03-21T15:25:25 IST" duration-ms="4341" status="PASS">
          <reporter-output>
          </reporter-output>
        </test-method> <!-- TC008_Verify_Report -->
        <test-method is-config="true" signature="beforeMethod(org.testng.ITestResult)[pri:0, instance:com.BHL.TC002_DashboardPageTest@2f465398]" started-at="2025-03-21T15:25:21 IST" name="beforeMethod" finished-at="2025-03-21T15:25:21 IST" duration-ms="0" status="PASS">
          <params>
            <param index="0">
              <value>
                <![CDATA[[TestResult name={null} status=CREATED method=TC002_DashboardPageTest.TC008_Verify_Report()[pri:8, instance:com.BHL.TC002_DashboardPageTest@2f465398] output={null}]]]>
              </value>
            </param>
          </params>
          <reporter-output>
          </reporter-output>
        </test-method> <!-- beforeMethod -->
        <test-method is-config="true" signature="tearDown(org.testng.ITestResult)[pri:0, instance:com.BHL.TC002_DashboardPageTest@2f465398]" started-at="2025-03-21T15:25:25 IST" name="tearDown" finished-at="2025-03-21T15:25:25 IST" duration-ms="2" status="PASS">
          <params>
            <param index="0">
              <value>
                <![CDATA[[TestResult name=TC008_Verify_Report status=SUCCESS method=TC002_DashboardPageTest.TC008_Verify_Report()[pri:8, instance:com.BHL.TC002_DashboardPageTest@2f465398] output={null}]]]>
              </value>
            </param>
          </params>
          <reporter-output>
          </reporter-output>
        </test-method> <!-- tearDown -->
      </class> <!-- com.BHL.TC002_DashboardPageTest -->
      <class name="com.BHL.TC001_LoginPageTest">
        <test-method is-config="true" signature="beforeSuitMethod()[pri:0, instance:com.BHL.TC001_LoginPageTest@6e509ffa]" started-at="2025-03-21T15:24:31 IST" name="beforeSuitMethod" finished-at="2025-03-21T15:24:31 IST" duration-ms="17" status="PASS">
          <reporter-output>
          </reporter-output>
        </test-method> <!-- beforeSuitMethod -->
        <test-method is-config="true" signature="beforeTest()[pri:0, instance:com.BHL.TC001_LoginPageTest@6e509ffa]" started-at="2025-03-21T15:24:32 IST" name="beforeTest" finished-at="2025-03-21T15:24:32 IST" duration-ms="1" status="PASS">
          <reporter-output>
          </reporter-output>
        </test-method> <!-- beforeTest -->
        <test-method is-config="true" signature="setup()[pri:0, instance:com.BHL.TC001_LoginPageTest@6e509ffa]" started-at="2025-03-21T15:24:32 IST" name="setup" finished-at="2025-03-21T15:24:39 IST" duration-ms="6901" status="PASS">
          <reporter-output>
          </reporter-output>
        </test-method> <!-- setup -->
        <test-method is-config="true" signature="setUp()[pri:0, instance:com.BHL.TC001_LoginPageTest@6e509ffa]" started-at="2025-03-21T15:24:39 IST" name="setUp" finished-at="2025-03-21T15:24:39 IST" duration-ms="57" status="PASS">
          <reporter-output>
          </reporter-output>
        </test-method> <!-- setUp -->
        <test-method is-config="true" signature="beforeMethod(org.testng.ITestResult)[pri:0, instance:com.BHL.TC001_LoginPageTest@6e509ffa]" started-at="2025-03-21T15:24:39 IST" name="beforeMethod" finished-at="2025-03-21T15:24:39 IST" duration-ms="5" status="PASS">
          <params>
            <param index="0">
              <value>
                <![CDATA[[TestResult name={null} status=CREATED method=TC001_LoginPageTest.TC_001_verify_WelcomeText_On_LoginPage()[pri:1, instance:com.BHL.TC001_LoginPageTest@6e509ffa] output={null}]]]>
              </value>
            </param>
          </params>
          <reporter-output>
          </reporter-output>
        </test-method> <!-- beforeMethod -->
        <test-method is-config="true" signature="assertion()[pri:0, instance:com.BHL.TC001_LoginPageTest@6e509ffa]" started-at="2025-03-21T15:24:39 IST" name="assertion" finished-at="2025-03-21T15:24:39 IST" duration-ms="2" status="PASS">
          <reporter-output>
          </reporter-output>
        </test-method> <!-- assertion -->
        <test-method signature="TC_001_verify_WelcomeText_On_LoginPage()[pri:1, instance:com.BHL.TC001_LoginPageTest@6e509ffa]" started-at="2025-03-21T15:24:39 IST" name="TC_001_verify_WelcomeText_On_LoginPage" finished-at="2025-03-21T15:24:39 IST" duration-ms="90" status="PASS">
          <reporter-output>
          </reporter-output>
        </test-method> <!-- TC_001_verify_WelcomeText_On_LoginPage -->
        <test-method is-config="true" signature="tearDown(org.testng.ITestResult)[pri:0, instance:com.BHL.TC001_LoginPageTest@6e509ffa]" started-at="2025-03-21T15:24:39 IST" name="tearDown" finished-at="2025-03-21T15:24:39 IST" duration-ms="1" status="PASS">
          <params>
            <param index="0">
              <value>
                <![CDATA[[TestResult name=TC_001_verify_WelcomeText_On_LoginPage status=SUCCESS method=TC001_LoginPageTest.TC_001_verify_WelcomeText_On_LoginPage()[pri:1, instance:com.BHL.TC001_LoginPageTest@6e509ffa] output={null}]]]>
              </value>
            </param>
          </params>
          <reporter-output>
          </reporter-output>
        </test-method> <!-- tearDown -->
        <test-method is-config="true" signature="beforeMethod(org.testng.ITestResult)[pri:0, instance:com.BHL.TC001_LoginPageTest@6e509ffa]" started-at="2025-03-21T15:24:39 IST" name="beforeMethod" finished-at="2025-03-21T15:24:39 IST" duration-ms="1" status="PASS">
          <params>
            <param index="0">
              <value>
                <![CDATA[[TestResult name={null} status=CREATED method=TC001_LoginPageTest.TC_002_verify_Login_Button_Clickable()[pri:2, instance:com.BHL.TC001_LoginPageTest@6e509ffa] output={null}]]]>
              </value>
            </param>
          </params>
          <reporter-output>
          </reporter-output>
        </test-method> <!-- beforeMethod -->
        <test-method is-config="true" signature="assertion()[pri:0, instance:com.BHL.TC001_LoginPageTest@6e509ffa]" started-at="2025-03-21T15:24:39 IST" name="assertion" finished-at="2025-03-21T15:24:39 IST" duration-ms="1" status="PASS">
          <reporter-output>
          </reporter-output>
        </test-method> <!-- assertion -->
        <test-method signature="TC_002_verify_Login_Button_Clickable()[pri:2, instance:com.BHL.TC001_LoginPageTest@6e509ffa]" started-at="2025-03-21T15:24:39 IST" name="TC_002_verify_Login_Button_Clickable" finished-at="2025-03-21T15:24:40 IST" duration-ms="1384" status="PASS">
          <reporter-output>
          </reporter-output>
        </test-method> <!-- TC_002_verify_Login_Button_Clickable -->
        <test-method is-config="true" signature="tearDown(org.testng.ITestResult)[pri:0, instance:com.BHL.TC001_LoginPageTest@6e509ffa]" started-at="2025-03-21T15:24:40 IST" name="tearDown" finished-at="2025-03-21T15:24:40 IST" duration-ms="0" status="PASS">
          <params>
            <param index="0">
              <value>
                <![CDATA[[TestResult name=TC_002_verify_Login_Button_Clickable status=SUCCESS method=TC001_LoginPageTest.TC_002_verify_Login_Button_Clickable()[pri:2, instance:com.BHL.TC001_LoginPageTest@6e509ffa] output={null}]]]>
              </value>
            </param>
          </params>
          <reporter-output>
          </reporter-output>
        </test-method> <!-- tearDown -->
        <test-method is-config="true" signature="beforeMethod(org.testng.ITestResult)[pri:0, instance:com.BHL.TC001_LoginPageTest@6e509ffa]" started-at="2025-03-21T15:24:40 IST" name="beforeMethod" finished-at="2025-03-21T15:24:40 IST" duration-ms="0" status="PASS">
          <params>
            <param index="0">
              <value>
                <![CDATA[[TestResult name={null} status=CREATED method=TC001_LoginPageTest.TC003_verify_ErrorMessageForEmailField()[pri:3, instance:com.BHL.TC001_LoginPageTest@6e509ffa] output={null}]]]>
              </value>
            </param>
          </params>
          <reporter-output>
          </reporter-output>
        </test-method> <!-- beforeMethod -->
        <test-method signature="TC003_verify_ErrorMessageForEmailField()[pri:3, instance:com.BHL.TC001_LoginPageTest@6e509ffa]" started-at="2025-03-21T15:24:40 IST" name="TC003_verify_ErrorMessageForEmailField" finished-at="2025-03-21T15:24:41 IST" duration-ms="399" status="PASS">
          <reporter-output>
          </reporter-output>
        </test-method> <!-- TC003_verify_ErrorMessageForEmailField -->
        <test-method is-config="true" signature="assertion()[pri:0, instance:com.BHL.TC001_LoginPageTest@6e509ffa]" started-at="2025-03-21T15:24:40 IST" name="assertion" finished-at="2025-03-21T15:24:40 IST" duration-ms="0" status="PASS">
          <reporter-output>
          </reporter-output>
        </test-method> <!-- assertion -->
        <test-method is-config="true" signature="tearDown(org.testng.ITestResult)[pri:0, instance:com.BHL.TC001_LoginPageTest@6e509ffa]" started-at="2025-03-21T15:24:41 IST" name="tearDown" finished-at="2025-03-21T15:24:41 IST" duration-ms="8" status="PASS">
          <params>
            <param index="0">
              <value>
                <![CDATA[[TestResult name=TC003_verify_ErrorMessageForEmailField status=SUCCESS method=TC001_LoginPageTest.TC003_verify_ErrorMessageForEmailField()[pri:3, instance:com.BHL.TC001_LoginPageTest@6e509ffa] output={null}]]]>
              </value>
            </param>
          </params>
          <reporter-output>
          </reporter-output>
        </test-method> <!-- tearDown -->
        <test-method is-config="true" signature="beforeMethod(org.testng.ITestResult)[pri:0, instance:com.BHL.TC001_LoginPageTest@6e509ffa]" started-at="2025-03-21T15:24:41 IST" name="beforeMethod" finished-at="2025-03-21T15:24:41 IST" duration-ms="2" status="PASS">
          <params>
            <param index="0">
              <value>
                <![CDATA[[TestResult name={null} status=CREATED method=TC001_LoginPageTest.TC004_verify_ErrorMessageForPasswordField()[pri:4, instance:com.BHL.TC001_LoginPageTest@6e509ffa] output={null}]]]>
              </value>
            </param>
          </params>
          <reporter-output>
          </reporter-output>
        </test-method> <!-- beforeMethod -->
        <test-method is-config="true" signature="assertion()[pri:0, instance:com.BHL.TC001_LoginPageTest@6e509ffa]" started-at="2025-03-21T15:24:41 IST" name="assertion" finished-at="2025-03-21T15:24:41 IST" duration-ms="2" status="PASS">
          <reporter-output>
          </reporter-output>
        </test-method> <!-- assertion -->
        <test-method signature="TC004_verify_ErrorMessageForPasswordField()[pri:4, instance:com.BHL.TC001_LoginPageTest@6e509ffa]" started-at="2025-03-21T15:24:41 IST" name="TC004_verify_ErrorMessageForPasswordField" finished-at="2025-03-21T15:24:41 IST" duration-ms="130" status="PASS">
          <reporter-output>
          </reporter-output>
        </test-method> <!-- TC004_verify_ErrorMessageForPasswordField -->
        <test-method is-config="true" signature="tearDown(org.testng.ITestResult)[pri:0, instance:com.BHL.TC001_LoginPageTest@6e509ffa]" started-at="2025-03-21T15:24:41 IST" name="tearDown" finished-at="2025-03-21T15:24:41 IST" duration-ms="0" status="PASS">
          <params>
            <param index="0">
              <value>
                <![CDATA[[TestResult name=TC004_verify_ErrorMessageForPasswordField status=SUCCESS method=TC001_LoginPageTest.TC004_verify_ErrorMessageForPasswordField()[pri:4, instance:com.BHL.TC001_LoginPageTest@6e509ffa] output={null}]]]>
              </value>
            </param>
          </params>
          <reporter-output>
          </reporter-output>
        </test-method> <!-- tearDown -->
        <test-method is-config="true" signature="beforeMethod(org.testng.ITestResult)[pri:0, instance:com.BHL.TC001_LoginPageTest@6e509ffa]" started-at="2025-03-21T15:24:41 IST" name="beforeMethod" finished-at="2025-03-21T15:24:41 IST" duration-ms="1" status="PASS">
          <params>
            <param index="0">
              <value>
                <![CDATA[[TestResult name={null} status=CREATED method=TC001_LoginPageTest.TC_005_verify_Login()[pri:5, instance:com.BHL.TC001_LoginPageTest@6e509ffa] output={null}]]]>
              </value>
            </param>
          </params>
          <reporter-output>
          </reporter-output>
        </test-method> <!-- beforeMethod -->
        <test-method signature="TC_005_verify_Login()[pri:5, instance:com.BHL.TC001_LoginPageTest@6e509ffa]" started-at="2025-03-21T15:24:41 IST" name="TC_005_verify_Login" finished-at="2025-03-21T15:24:46 IST" duration-ms="5100" status="PASS">
          <reporter-output>
          </reporter-output>
        </test-method> <!-- TC_005_verify_Login -->
        <test-method is-config="true" signature="assertion()[pri:0, instance:com.BHL.TC001_LoginPageTest@6e509ffa]" started-at="2025-03-21T15:24:41 IST" name="assertion" finished-at="2025-03-21T15:24:41 IST" duration-ms="0" status="PASS">
          <reporter-output>
          </reporter-output>
        </test-method> <!-- assertion -->
        <test-method is-config="true" signature="tearDown(org.testng.ITestResult)[pri:0, instance:com.BHL.TC001_LoginPageTest@6e509ffa]" started-at="2025-03-21T15:24:46 IST" name="tearDown" finished-at="2025-03-21T15:24:46 IST" duration-ms="0" status="PASS">
          <params>
            <param index="0">
              <value>
                <![CDATA[[TestResult name=TC_005_verify_Login status=SUCCESS method=TC001_LoginPageTest.TC_005_verify_Login()[pri:5, instance:com.BHL.TC001_LoginPageTest@6e509ffa] output={null}]]]>
              </value>
            </param>
          </params>
          <reporter-output>
          </reporter-output>
        </test-method> <!-- tearDown -->
        <test-method is-config="true" signature="beforeMethod(org.testng.ITestResult)[pri:0, instance:com.BHL.TC001_LoginPageTest@6e509ffa]" started-at="2025-03-21T15:24:46 IST" name="beforeMethod" finished-at="2025-03-21T15:24:46 IST" duration-ms="1" status="PASS">
          <params>
            <param index="0">
              <value>
                <![CDATA[[TestResult name={null} status=CREATED method=TC001_LoginPageTest.TC_006_LogoutFlow()[pri:6, instance:com.BHL.TC001_LoginPageTest@6e509ffa] output={null}]]]>
              </value>
            </param>
          </params>
          <reporter-output>
          </reporter-output>
        </test-method> <!-- beforeMethod -->
        <test-method signature="TC_006_LogoutFlow()[pri:6, instance:com.BHL.TC001_LoginPageTest@6e509ffa]" started-at="2025-03-21T15:24:46 IST" name="TC_006_LogoutFlow" finished-at="2025-03-21T15:24:49 IST" duration-ms="3395" status="PASS">
          <reporter-output>
          </reporter-output>
        </test-method> <!-- TC_006_LogoutFlow -->
        <test-method is-config="true" signature="assertion()[pri:0, instance:com.BHL.TC001_LoginPageTest@6e509ffa]" started-at="2025-03-21T15:24:46 IST" name="assertion" finished-at="2025-03-21T15:24:46 IST" duration-ms="0" status="PASS">
          <reporter-output>
          </reporter-output>
        </test-method> <!-- assertion -->
        <test-method is-config="true" signature="tearDown(org.testng.ITestResult)[pri:0, instance:com.BHL.TC001_LoginPageTest@6e509ffa]" started-at="2025-03-21T15:24:49 IST" name="tearDown" finished-at="2025-03-21T15:24:49 IST" duration-ms="0" status="PASS">
          <params>
            <param index="0">
              <value>
                <![CDATA[[TestResult name=TC_006_LogoutFlow status=SUCCESS method=TC001_LoginPageTest.TC_006_LogoutFlow()[pri:6, instance:com.BHL.TC001_LoginPageTest@6e509ffa] output={null}]]]>
              </value>
            </param>
          </params>
          <reporter-output>
          </reporter-output>
        </test-method> <!-- tearDown -->
        <test-method is-config="true" signature="beforeMethod(org.testng.ITestResult)[pri:0, instance:com.BHL.TC001_LoginPageTest@6e509ffa]" started-at="2025-03-21T15:24:49 IST" name="beforeMethod" finished-at="2025-03-21T15:24:49 IST" duration-ms="1" status="PASS">
          <params>
            <param index="0">
              <value>
                <![CDATA[[TestResult name={null} status=CREATED method=TC001_LoginPageTest.TC_007_reloginToBHL()[pri:7, instance:com.BHL.TC001_LoginPageTest@6e509ffa] output={null}]]]>
              </value>
            </param>
          </params>
          <reporter-output>
          </reporter-output>
        </test-method> <!-- beforeMethod -->
        <test-method is-config="true" signature="assertion()[pri:0, instance:com.BHL.TC001_LoginPageTest@6e509ffa]" started-at="2025-03-21T15:24:49 IST" name="assertion" finished-at="2025-03-21T15:24:49 IST" duration-ms="0" status="PASS">
          <reporter-output>
          </reporter-output>
        </test-method> <!-- assertion -->
        <test-method signature="TC_007_reloginToBHL()[pri:7, instance:com.BHL.TC001_LoginPageTest@6e509ffa]" started-at="2025-03-21T15:24:49 IST" name="TC_007_reloginToBHL" finished-at="2025-03-21T15:24:53 IST" duration-ms="3613" status="PASS">
          <reporter-output>
          </reporter-output>
        </test-method> <!-- TC_007_reloginToBHL -->
        <test-method is-config="true" signature="tearDown(org.testng.ITestResult)[pri:0, instance:com.BHL.TC001_LoginPageTest@6e509ffa]" started-at="2025-03-21T15:24:53 IST" name="tearDown" finished-at="2025-03-21T15:24:53 IST" duration-ms="0" status="PASS">
          <params>
            <param index="0">
              <value>
                <![CDATA[[TestResult name=TC_007_reloginToBHL status=SUCCESS method=TC001_LoginPageTest.TC_007_reloginToBHL()[pri:7, instance:com.BHL.TC001_LoginPageTest@6e509ffa] output={null}]]]>
              </value>
            </param>
          </params>
          <reporter-output>
          </reporter-output>
        </test-method> <!-- tearDown -->
        <test-method is-config="true" signature="assertionAll()[pri:0, instance:com.BHL.TC001_LoginPageTest@6e509ffa]" started-at="2025-03-21T15:24:53 IST" name="assertionAll" finished-at="2025-03-21T15:24:53 IST" duration-ms="1" status="FAIL">
          <exception class="java.lang.AssertionError">
            <message>
              <![CDATA[The following asserts failed:
Welcome to
BHL GROUP’S expected [Welcome t
BHL GROUP’S] but found [Welcome to
BHL GROUP’S]]]>
            </message>
            <full-stacktrace>
              <![CDATA[java.lang.AssertionError: The following asserts failed:
Welcome to
BHL GROUP’S expected [Welcome t
BHL GROUP’S] but found [Welcome to
BHL GROUP’S]
at org.testng.asserts.SoftAssert.assertAll(SoftAssert.java:46)
at org.testng.asserts.SoftAssert.assertAll(SoftAssert.java:30)
at com.BHL.TC001_LoginPageTest.assertionAll(TC001_LoginPageTest.java:35)
at java.base/jdk.internal.reflect.DirectMethodHandleAccessor.invoke(DirectMethodHandleAccessor.java:103)
at java.base/java.lang.reflect.Method.invoke(Method.java:580)
at org.testng.internal.invokers.MethodInvocationHelper.invokeMethod(MethodInvocationHelper.java:141)
at org.testng.internal.invokers.MethodInvocationHelper.invokeMethodConsideringTimeout(MethodInvocationHelper.java:71)
at org.testng.internal.invokers.ConfigInvoker.invokeConfigurationMethod(ConfigInvoker.java:400)
at org.testng.internal.invokers.ConfigInvoker.invokeConfigurations(ConfigInvoker.java:333)
at org.testng.internal.invokers.TestMethodWorker.invokeAfterClassConfigurations(TestMethodWorker.java:238)
at org.testng.internal.invokers.TestMethodWorker.invokeAfterClassMethods(TestMethodWorker.java:223)
at org.testng.internal.invokers.TestMethodWorker.run(TestMethodWorker.java:137)
at java.base/java.util.ArrayList.forEach(ArrayList.java:1597)
at org.testng.TestRunner.privateRun(TestRunner.java:741)
at org.testng.TestRunner.run(TestRunner.java:616)
at org.testng.SuiteRunner.runTest(SuiteRunner.java:421)
at org.testng.SuiteRunner.runSequentially(SuiteRunner.java:413)
at org.testng.SuiteRunner.privateRun(SuiteRunner.java:373)
at org.testng.SuiteRunner.run(SuiteRunner.java:312)
at org.testng.SuiteRunnerWorker.runSuite(SuiteRunnerWorker.java:52)
at org.testng.SuiteRunnerWorker.run(SuiteRunnerWorker.java:95)
at org.testng.TestNG.runSuitesSequentially(TestNG.java:1274)
at org.testng.TestNG.runSuitesLocally(TestNG.java:1208)
at org.testng.TestNG.runSuites(TestNG.java:1112)
at org.testng.TestNG.run(TestNG.java:1079)
at org.testng.remote.AbstractRemoteTestNG.run(AbstractRemoteTestNG.java:115)
at org.testng.remote.RemoteTestNG.initAndRun(RemoteTestNG.java:293)
at org.testng.remote.RemoteTestNG.main(RemoteTestNG.java:91)
]]>
            </full-stacktrace>
          </exception> <!-- java.lang.AssertionError -->
          <reporter-output>
          </reporter-output>
        </test-method> <!-- assertionAll -->
        <test-method is-config="true" signature="afterSuite()[pri:0, instance:com.BHL.TC001_LoginPageTest@6e509ffa]" started-at="2025-03-21T15:25:25 IST" name="afterSuite" finished-at="2025-03-21T15:25:25 IST" duration-ms="0" status="SKIP">
          <reporter-output>
          </reporter-output>
        </test-method> <!-- afterSuite -->
      </class> <!-- com.BHL.TC001_LoginPageTest -->
    </test> <!-- MyTest -->
  </suite> <!-- Suite -->
</testng-results>
